<?xml version="1.0" encoding="UTF-8"?>
<!-- Generated by org.testng.reporters.JUnitXMLReporter -->
<testsuite ignored="0" hostname="PAVULURU" failures="1" tests="1" name="validating title page" time="11.764" errors="0" timestamp="2021-07-11T14:26:20 GMT-04:00">
  <testcase classname="Academy.validateTitlePage" name="basePageNavigation" time="0.052">
    <failure type="java.lang.AssertionError" message="expected [FEATURED COURSES13] but found [FEATURED COURSES]">
      <![CDATA[java.lang.AssertionError: expected [FEATURED COURSES13] but found [FEATURED COURSES]
at Academy.validateTitlePage.basePageNavigation(validateTitlePage.java:35)
at java.base/java.util.ArrayList.forEach(ArrayList.java:1541)
at java.base/java.util.concurrent.FutureTask.run(FutureTask.java:264)
at java.base/java.util.concurrent.ThreadPoolExecutor.runWorker(ThreadPoolExecutor.java:1128)
at java.base/java.util.concurrent.ThreadPoolExecutor$Worker.run(ThreadPoolExecutor.java:628)
at java.base/java.lang.Thread.run(Thread.java:834)
... Removed 24 stack frames]]>
    </failure>
  </testcase> <!-- basePageNavigation -->
</testsuite> <!-- validating title page -->
